# JRE version: OpenJDK Runtime Environment Temurin-11.0.12+7 (11.0.12+7) (build 11.0.12+7)
# Java VM: OpenJDK 64-Bit Server VM Temurin-11.0.12+7 (11.0.12+7, mixed mode, tiered, compressed oops, g1 gc, windows-amd64)
Heap:
 garbage-first heap   total 262144K, used 31857K [0x00000000e0000000, 0x0000000100000000)
  region size 1024K, 8 young (8192K), 7 survivors (7168K)
 Metaspace       used 35202K, capacity 36054K, committed 36096K, reserved 286720K
  class space    used 4614K, capacity 4982K, committed 4992K, reserved 253952K
GC Heap History (12 events):
Event: 20.371 GC heap before
{Heap before GC invocations=0 (full 0):
 garbage-first heap   total 262144K, used 29696K [0x00000000e0000000, 0x0000000100000000)
  region size 1024K, 24 young (24576K), 0 survivors (0K)
 Metaspace       used 10178K, capacity 10498K, committed 10624K, reserved 264192K
  class space    used 1058K, capacity 1138K, committed 1152K, reserved 253952K
}
Event: 20.388 GC heap after
{Heap after GC invocations=1 (full 0):
 garbage-first heap   total 262144K, used 9898K [0x00000000e0000000, 0x0000000100000000)
  region size 1024K, 3 young (3072K), 3 survivors (3072K)
 Metaspace       used 10178K, capacity 10498K, committed 10624K, reserved 264192K
  class space    used 1058K, capacity 1138K, committed 1152K, reserved 253952K
}
Event: 26.485 GC heap before
{Heap before GC invocations=1 (full 0):
 garbage-first heap   total 262144K, used 30378K [0x00000000e0000000, 0x0000000100000000)
  region size 1024K, 23 young (23552K), 3 survivors (3072K)
 Metaspace       used 11074K, capacity 11387K, committed 11520K, reserved 264192K
  class space    used 1159K, capacity 1242K, committed 1280K, reserved 253952K
}
Event: 26.499 GC heap after
{Heap after GC invocations=2 (full 0):
 garbage-first heap   total 262144K, used 9970K [0x00000000e0000000, 0x0000000100000000)
  region size 1024K, 1 young (1024K), 1 survivors (1024K)
 Metaspace       used 11074K, capacity 11387K, committed 11520K, reserved 264192K
  class space    used 1159K, capacity 1242K, committed 1280K, reserved 253952K
}
Event: 44.090 GC heap before
{Heap before GC invocations=2 (full 0):
 garbage-first heap   total 262144K, used 74482K [0x00000000e0000000, 0x0000000100000000)
  region size 1024K, 64 young (65536K), 1 survivors (1024K)
 Metaspace       used 19213K, capacity 19662K, committed 19968K, reserved 272384K
  class space    used 2327K, capacity 2464K, committed 2560K, reserved 253952K
}
Event: 44.117 GC heap after
{Heap after GC invocations=3 (full 0):
 garbage-first heap   total 262144K, used 16466K [0x00000000e0000000, 0x0000000100000000)
  region size 1024K, 7 young (7168K), 7 survivors (7168K)
 Metaspace       used 19213K, capacity 19662K, committed 19968K, reserved 272384K
  class space    used 2327K, capacity 2464K, committed 2560K, reserved 253952K
}
Event: 44.726 GC heap before
{Heap before GC invocations=3 (full 0):
 garbage-first heap   total 262144K, used 29778K [0x00000000e0000000, 0x0000000100000000)
  region size 1024K, 21 young (21504K), 7 survivors (7168K)
 Metaspace       used 20638K, capacity 21087K, committed 21248K, reserved 272384K
  class space    used 2523K, capacity 2705K, committed 2816K, reserved 253952K
}
Event: 44.746 GC heap after
{Heap after GC invocations=4 (full 0):
 garbage-first heap   total 262144K, used 17247K [0x00000000e0000000, 0x0000000100000000)
  region size 1024K, 1 young (1024K), 1 survivors (1024K)
 Metaspace       used 20638K, capacity 21087K, committed 21248K, reserved 272384K
  class space    used 2523K, capacity 2705K, committed 2816K, reserved 253952K
}
Event: 56.577 GC heap before
{Heap before GC invocations=5 (full 0):
 garbage-first heap   total 262144K, used 98143K [0x00000000e0000000, 0x0000000100000000)
  region size 1024K, 72 young (73728K), 1 survivors (1024K)
 Metaspace       used 27569K, capacity 28352K, committed 28544K, reserved 278528K
  class space    used 3649K, capacity 3946K, committed 3968K, reserved 253952K
}
Event: 56.601 GC heap after
{Heap after GC invocations=6 (full 0):
 garbage-first heap   total 262144K, used 29136K [0x00000000e0000000, 0x0000000100000000)
  region size 1024K, 5 young (5120K), 5 survivors (5120K)
 Metaspace       used 27569K, capacity 28352K, committed 28544K, reserved 278528K
  class space    used 3649K, capacity 3946K, committed 3968K, reserved 253952K
}
Event: 60.529 GC heap before
{Heap before GC invocations=6 (full 0):
 garbage-first heap   total 262144K, used 75216K [0x00000000e0000000, 0x0000000100000000)
  region size 1024K, 51 young (52224K), 5 survivors (5120K)
 Metaspace       used 34911K, capacity 35766K, committed 35840K, reserved 286720K
  class space    used 4578K, capacity 4950K, committed 4992K, reserved 253952K
}
Event: 60.570 GC heap after
{Heap after GC invocations=7 (full 0):
 garbage-first heap   total 262144K, used 31857K [0x00000000e0000000, 0x0000000100000000)
  region size 1024K, 7 young (7168K), 7 survivors (7168K)
 Metaspace       used 34911K, capacity 35766K, committed 35840K, reserved 286720K
  class space    used 4578K, capacity 4950K, committed 4992K, reserved 253952K
}

