# JRE version: OpenJDK Runtime Environment Temurin-11.0.12+7 (11.0.12+7) (build 11.0.12+7)
# Java VM: OpenJDK 64-Bit Server VM Temurin-11.0.12+7 (11.0.12+7, mixed mode, tiered, compressed oops, g1 gc, windows-amd64)
Heap:
 garbage-first heap   total 262144K, used 33485K [0x00000000e0000000, 0x0000000100000000)
  region size 1024K, 10 young (10240K), 8 survivors (8192K)
 Metaspace       used 34814K, capacity 35889K, committed 36144K, reserved 1081344K
  class space    used 4221K, capacity 4663K, committed 4736K, reserved 1048576K
GC Heap History (10 events):
Event: 2.362 GC heap before
{Heap before GC invocations=0 (full 0):
 garbage-first heap   total 262144K, used 23552K [0x00000000e0000000, 0x0000000100000000)
  region size 1024K, 24 young (24576K), 0 survivors (0K)
 Metaspace       used 13596K, capacity 13941K, committed 14208K, reserved 1062912K
  class space    used 1454K, capacity 1540K, committed 1664K, reserved 1048576K
}
Event: 2.373 GC heap after
{Heap after GC invocations=1 (full 0):
 garbage-first heap   total 262144K, used 5832K [0x00000000e0000000, 0x0000000100000000)
  region size 1024K, 3 young (3072K), 3 survivors (3072K)
 Metaspace       used 13596K, capacity 13941K, committed 14208K, reserved 1062912K
  class space    used 1454K, capacity 1540K, committed 1664K, reserved 1048576K
}
Event: 3.791 GC heap before
{Heap before GC invocations=1 (full 0):
 garbage-first heap   total 262144K, used 28360K [0x00000000e0000000, 0x0000000100000000)
  region size 1024K, 25 young (25600K), 3 survivors (3072K)
 Metaspace       used 18903K, capacity 19637K, committed 19968K, reserved 1067008K
  class space    used 2166K, capacity 2450K, committed 2560K, reserved 1048576K
}
Event: 3.808 GC heap after
{Heap after GC invocations=2 (full 0):
 garbage-first heap   total 262144K, used 7627K [0x00000000e0000000, 0x0000000100000000)
  region size 1024K, 2 young (2048K), 2 survivors (2048K)
 Metaspace       used 18903K, capacity 19637K, committed 19968K, reserved 1067008K
  class space    used 2166K, capacity 2450K, committed 2560K, reserved 1048576K
}
Event: 4.622 GC heap before
{Heap before GC invocations=2 (full 0):
 garbage-first heap   total 262144K, used 20939K [0x00000000e0000000, 0x0000000100000000)
  region size 1024K, 16 young (16384K), 2 survivors (2048K)
 Metaspace       used 20498K, capacity 21216K, committed 21296K, reserved 1069056K
  class space    used 2363K, capacity 2656K, committed 2688K, reserved 1048576K
}
Event: 4.641 GC heap after
{Heap after GC invocations=3 (full 0):
 garbage-first heap   total 262144K, used 8642K [0x00000000e0000000, 0x0000000100000000)
  region size 1024K, 3 young (3072K), 3 survivors (3072K)
 Metaspace       used 20498K, capacity 21216K, committed 21296K, reserved 1069056K
  class space    used 2363K, capacity 2656K, committed 2688K, reserved 1048576K
}
Event: 7.267 GC heap before
{Heap before GC invocations=4 (full 0):
 garbage-first heap   total 262144K, used 71106K [0x00000000e0000000, 0x0000000100000000)
  region size 1024K, 64 young (65536K), 3 survivors (3072K)
 Metaspace       used 29125K, capacity 30193K, committed 30512K, reserved 1075200K
  class space    used 3469K, capacity 3894K, committed 3968K, reserved 1048576K
}
Event: 7.289 GC heap after
{Heap after GC invocations=5 (full 0):
 garbage-first heap   total 262144K, used 13130K [0x00000000e0000000, 0x0000000100000000)
  region size 1024K, 8 young (8192K), 8 survivors (8192K)
 Metaspace       used 29125K, capacity 30193K, committed 30512K, reserved 1075200K
  class space    used 3469K, capacity 3894K, committed 3968K, reserved 1048576K
}
Event: 15.051 GC heap before
{Heap before GC invocations=5 (full 0):
 garbage-first heap   total 262144K, used 64330K [0x00000000e0000000, 0x0000000100000000)
  region size 1024K, 42 young (43008K), 8 survivors (8192K)
 Metaspace       used 34661K, capacity 35755K, committed 35888K, reserved 1081344K
  class space    used 4199K, capacity 4661K, committed 4736K, reserved 1048576K
}
Event: 15.124 GC heap after
{Heap after GC invocations=6 (full 0):
 garbage-first heap   total 262144K, used 32461K [0x00000000e0000000, 0x0000000100000000)
  region size 1024K, 8 young (8192K), 8 survivors (8192K)
 Metaspace       used 34661K, capacity 35755K, committed 35888K, reserved 1081344K
  class space    used 4199K, capacity 4661K, committed 4736K, reserved 1048576K
}

