# JRE version: OpenJDK Runtime Environment Temurin-11.0.12+7 (11.0.12+7) (build 11.0.12+7)
# Java VM: OpenJDK 64-Bit Server VM Temurin-11.0.12+7 (11.0.12+7, mixed mode, tiered, compressed oops, g1 gc, windows-amd64)
Heap:
 garbage-first heap   total 262144K, used 136839K [0x00000000e0000000, 0x0000000100000000)
  region size 1024K, 16 young (16384K), 6 survivors (6144K)
 Metaspace       used 98657K, capacity 102029K, committed 102392K, reserved 344064K
  class space    used 12315K, capacity 13414K, committed 13560K, reserved 253952K
GC Heap History (20 events):
Event: 1039.689 GC heap before
{Heap before GC invocations=33 (full 0):
 garbage-first heap   total 262144K, used 215808K [0x00000000e0000000, 0x0000000100000000)
  region size 1024K, 108 young (110592K), 7 survivors (7168K)
 Metaspace       used 91046K, capacity 93876K, committed 100344K, reserved 342016K
  class space    used 11517K, capacity 12432K, committed 13560K, reserved 253952K
}
Event: 1039.838 GC heap after
{Heap after GC invocations=34 (full 0):
 garbage-first heap   total 262144K, used 113120K [0x00000000e0000000, 0x0000000100000000)
  region size 1024K, 7 young (7168K), 7 survivors (7168K)
 Metaspace       used 91046K, capacity 93876K, committed 100344K, reserved 342016K
  class space    used 11517K, capacity 12432K, committed 13560K, reserved 253952K
}
Event: 1041.622 GC heap before
{Heap before GC invocations=34 (full 0):
 garbage-first heap   total 262144K, used 219616K [0x00000000e0000000, 0x0000000100000000)
  region size 1024K, 111 young (113664K), 7 survivors (7168K)
 Metaspace       used 91059K, capacity 93876K, committed 100344K, reserved 342016K
  class space    used 11517K, capacity 12432K, committed 13560K, reserved 253952K
}
Event: 1041.658 GC heap after
{Heap after GC invocations=35 (full 0):
 garbage-first heap   total 262144K, used 113432K [0x00000000e0000000, 0x0000000100000000)
  region size 1024K, 8 young (8192K), 8 survivors (8192K)
 Metaspace       used 91059K, capacity 93876K, committed 100344K, reserved 342016K
  class space    used 11517K, capacity 12432K, committed 13560K, reserved 253952K
}
Event: 1042.635 GC heap before
{Heap before GC invocations=35 (full 0):
 garbage-first heap   total 262144K, used 220952K [0x00000000e0000000, 0x0000000100000000)
  region size 1024K, 113 young (115712K), 8 survivors (8192K)
 Metaspace       used 91066K, capacity 93876K, committed 100344K, reserved 342016K
  class space    used 11517K, capacity 12432K, committed 13560K, reserved 253952K
}
Event: 1042.693 GC heap after
{Heap after GC invocations=36 (full 0):
 garbage-first heap   total 262144K, used 113956K [0x00000000e0000000, 0x0000000100000000)
  region size 1024K, 8 young (8192K), 8 survivors (8192K)
 Metaspace       used 91066K, capacity 93876K, committed 100344K, reserved 342016K
  class space    used 11517K, capacity 12432K, committed 13560K, reserved 253952K
}
Event: 1045.794 GC heap before
{Heap before GC invocations=36 (full 0):
 garbage-first heap   total 262144K, used 223524K [0x00000000e0000000, 0x0000000100000000)
  region size 1024K, 115 young (117760K), 8 survivors (8192K)
 Metaspace       used 93199K, capacity 96179K, committed 100344K, reserved 342016K
  class space    used 11753K, capacity 12727K, committed 13560K, reserved 253952K
}
Event: 1045.880 GC heap after
{Heap after GC invocations=37 (full 0):
 garbage-first heap   total 262144K, used 117216K [0x00000000e0000000, 0x0000000100000000)
  region size 1024K, 11 young (11264K), 11 survivors (11264K)
 Metaspace       used 93199K, capacity 96179K, committed 100344K, reserved 342016K
  class space    used 11753K, capacity 12727K, committed 13560K, reserved 253952K
}
Event: 1047.114 GC heap before
{Heap before GC invocations=37 (full 0):
 garbage-first heap   total 262144K, used 223712K [0x00000000e0000000, 0x0000000100000000)
  region size 1024K, 115 young (117760K), 11 survivors (11264K)
 Metaspace       used 93205K, capacity 96179K, committed 100344K, reserved 342016K
  class space    used 11753K, capacity 12727K, committed 13560K, reserved 253952K
}
Event: 1047.194 GC heap after
{Heap after GC invocations=38 (full 0):
 garbage-first heap   total 262144K, used 117556K [0x00000000e0000000, 0x0000000100000000)
  region size 1024K, 6 young (6144K), 6 survivors (6144K)
 Metaspace       used 93205K, capacity 96179K, committed 100344K, reserved 342016K
  class space    used 11753K, capacity 12727K, committed 13560K, reserved 253952K
}
Event: 1047.764 GC heap before
{Heap before GC invocations=38 (full 0):
 garbage-first heap   total 262144K, used 224052K [0x00000000e0000000, 0x0000000100000000)
  region size 1024K, 110 young (112640K), 6 survivors (6144K)
 Metaspace       used 93211K, capacity 96179K, committed 100344K, reserved 342016K
  class space    used 11753K, capacity 12727K, committed 13560K, reserved 253952K
}
Event: 1047.777 GC heap after
{Heap after GC invocations=39 (full 0):
 garbage-first heap   total 262144K, used 116874K [0x00000000e0000000, 0x0000000100000000)
  region size 1024K, 5 young (5120K), 5 survivors (5120K)
 Metaspace       used 93211K, capacity 96179K, committed 100344K, reserved 342016K
  class space    used 11753K, capacity 12727K, committed 13560K, reserved 253952K
}
Event: 1048.368 GC heap before
{Heap before GC invocations=39 (full 0):
 garbage-first heap   total 262144K, used 226442K [0x00000000e0000000, 0x0000000100000000)
  region size 1024K, 112 young (114688K), 5 survivors (5120K)
 Metaspace       used 93286K, capacity 96255K, committed 100344K, reserved 342016K
  class space    used 11754K, capacity 12729K, committed 13560K, reserved 253952K
}
Event: 1048.381 GC heap after
{Heap after GC invocations=40 (full 0):
 garbage-first heap   total 262144K, used 115178K [0x00000000e0000000, 0x0000000100000000)
  region size 1024K, 3 young (3072K), 3 survivors (3072K)
 Metaspace       used 93286K, capacity 96255K, committed 100344K, reserved 342016K
  class space    used 11754K, capacity 12729K, committed 13560K, reserved 253952K
}
Event: 1053.903 GC heap before
{Heap before GC invocations=40 (full 0):
 garbage-first heap   total 262144K, used 226794K [0x00000000e0000000, 0x0000000100000000)
  region size 1024K, 113 young (115712K), 3 survivors (3072K)
 Metaspace       used 94753K, capacity 97970K, committed 100344K, reserved 342016K
  class space    used 11911K, capacity 12937K, committed 13560K, reserved 253952K
}
Event: 1053.962 GC heap after
{Heap after GC invocations=41 (full 0):
 garbage-first heap   total 262144K, used 125508K [0x00000000e0000000, 0x0000000100000000)
  region size 1024K, 13 young (13312K), 13 survivors (13312K)
 Metaspace       used 94753K, capacity 97970K, committed 100344K, reserved 342016K
  class space    used 11911K, capacity 12937K, committed 13560K, reserved 253952K
}
Event: 1456.843 GC heap before
{Heap before GC invocations=41 (full 0):
 garbage-first heap   total 262144K, used 219716K [0x00000000e0000000, 0x0000000100000000)
  region size 1024K, 106 young (108544K), 13 survivors (13312K)
 Metaspace       used 96545K, capacity 99778K, committed 100344K, reserved 342016K
  class space    used 12092K, capacity 13125K, committed 13560K, reserved 253952K
}
Event: 1456.872 GC heap after
{Heap after GC invocations=42 (full 0):
 garbage-first heap   total 262144K, used 126951K [0x00000000e0000000, 0x0000000100000000)
  region size 1024K, 5 young (5120K), 5 survivors (5120K)
 Metaspace       used 96545K, capacity 99778K, committed 100344K, reserved 342016K
  class space    used 12092K, capacity 13125K, committed 13560K, reserved 253952K
}
Event: 1581.383 GC heap before
{Heap before GC invocations=42 (full 0):
 garbage-first heap   total 262144K, used 220135K [0x00000000e0000000, 0x0000000100000000)
  region size 1024K, 97 young (99328K), 5 survivors (5120K)
 Metaspace       used 98620K, capacity 101962K, committed 102136K, reserved 344064K
  class space    used 12310K, capacity 13413K, committed 13560K, reserved 253952K
}
Event: 1581.391 GC heap after
{Heap after GC invocations=43 (full 0):
 garbage-first heap   total 262144K, used 127623K [0x00000000e0000000, 0x0000000100000000)
  region size 1024K, 6 young (6144K), 6 survivors (6144K)
 Metaspace       used 98620K, capacity 101962K, committed 102136K, reserved 344064K
  class space    used 12310K, capacity 13413K, committed 13560K, reserved 253952K
}

