# JRE version: OpenJDK Runtime Environment Temurin-11.0.12+7 (11.0.12+7) (build 11.0.12+7)
# Java VM: OpenJDK 64-Bit Server VM Temurin-11.0.12+7 (11.0.12+7, mixed mode, tiered, compressed oops, g1 gc, windows-amd64)
Heap:
 garbage-first heap   total 262144K, used 28182K [0x00000000e0000000, 0x0000000100000000)
  region size 1024K, 22 young (22528K), 6 survivors (6144K)
 Metaspace       used 29403K, capacity 30420K, committed 30512K, reserved 1075200K
  class space    used 3497K, capacity 3926K, committed 3968K, reserved 1048576K
GC Heap History (8 events):
Event: 4.189 GC heap before
{Heap before GC invocations=0 (full 0):
 garbage-first heap   total 262144K, used 23552K [0x00000000e0000000, 0x0000000100000000)
  region size 1024K, 24 young (24576K), 0 survivors (0K)
 Metaspace       used 13587K, capacity 13877K, committed 14208K, reserved 1062912K
  class space    used 1454K, capacity 1540K, committed 1664K, reserved 1048576K
}
Event: 4.383 GC heap after
{Heap after GC invocations=1 (full 0):
 garbage-first heap   total 262144K, used 5813K [0x00000000e0000000, 0x0000000100000000)
  region size 1024K, 3 young (3072K), 3 survivors (3072K)
 Metaspace       used 13587K, capacity 13877K, committed 14208K, reserved 1062912K
  class space    used 1454K, capacity 1540K, committed 1664K, reserved 1048576K
}
Event: 6.241 GC heap before
{Heap before GC invocations=1 (full 0):
 garbage-first heap   total 262144K, used 20149K [0x00000000e0000000, 0x0000000100000000)
  region size 1024K, 17 young (17408K), 3 survivors (3072K)
 Metaspace       used 16700K, capacity 17414K, committed 17664K, reserved 1064960K
  class space    used 1931K, capacity 2178K, committed 2304K, reserved 1048576K
}
Event: 6.251 GC heap after
{Heap after GC invocations=2 (full 0):
 garbage-first heap   total 262144K, used 6905K [0x00000000e0000000, 0x0000000100000000)
  region size 1024K, 1 young (1024K), 1 survivors (1024K)
 Metaspace       used 16700K, capacity 17414K, committed 17664K, reserved 1064960K
  class space    used 1931K, capacity 2178K, committed 2304K, reserved 1048576K
}
Event: 7.834 GC heap before
{Heap before GC invocations=2 (full 0):
 garbage-first heap   total 262144K, used 29433K [0x00000000e0000000, 0x0000000100000000)
  region size 1024K, 24 young (24576K), 1 survivors (1024K)
 Metaspace       used 20458K, capacity 21132K, committed 21296K, reserved 1069056K
  class space    used 2334K, capacity 2628K, committed 2688K, reserved 1048576K
}
Event: 7.863 GC heap after
{Heap after GC invocations=3 (full 0):
 garbage-first heap   total 262144K, used 9814K [0x00000000e0000000, 0x0000000100000000)
  region size 1024K, 4 young (4096K), 4 survivors (4096K)
 Metaspace       used 20458K, capacity 21132K, committed 21296K, reserved 1069056K
  class space    used 2334K, capacity 2628K, committed 2688K, reserved 1048576K
}
Event: 10.692 GC heap before
{Heap before GC invocations=4 (full 0):
 garbage-first heap   total 262144K, used 59990K [0x00000000e0000000, 0x0000000100000000)
  region size 1024K, 53 young (54272K), 4 survivors (4096K)
 Metaspace       used 27552K, capacity 28446K, committed 28720K, reserved 1075200K
  class space    used 3249K, capacity 3609K, committed 3712K, reserved 1048576K
}
Event: 10.717 GC heap after
{Heap after GC invocations=5 (full 0):
 garbage-first heap   total 262144K, used 12822K [0x00000000e0000000, 0x0000000100000000)
  region size 1024K, 6 young (6144K), 6 survivors (6144K)
 Metaspace       used 27552K, capacity 28446K, committed 28720K, reserved 1075200K
  class space    used 3249K, capacity 3609K, committed 3712K, reserved 1048576K
}

